<?xml version="1.0" encoding="UTF-8"?>
<testng-results ignored="0" total="1" passed="1" failed="0" skipped="0">
  <reporter-output>
  </reporter-output>
  <suite started-at="2025-05-20T13:59:54 IST" name="Default suite" finished-at="2025-05-20T14:00:08 IST" duration-ms="14271">
    <groups>
    </groups>
    <test started-at="2025-05-20T13:59:54 IST" name="Default test" finished-at="2025-05-20T14:00:08 IST" duration-ms="14271">
      <class name="winapp.NotepadLaunch">
        <test-method is-config="true" signature="launchNotepad()[pri:0, instance:winapp.NotepadLaunch@10683d9d]" started-at="2025-05-20T13:59:54 IST" name="launchNotepad" finished-at="2025-05-20T14:00:00 IST" duration-ms="5594" status="PASS">
          <reporter-output>
          </reporter-output>
        </test-method> <!-- launchNotepad -->
        <test-method signature="editFile()[pri:0, instance:winapp.NotepadLaunch@10683d9d]" started-at="2025-05-20T14:00:00 IST" name="editFile" finished-at="2025-05-20T14:00:08 IST" duration-ms="8328" status="PASS">
          <reporter-output>
          </reporter-output>
        </test-method> <!-- editFile -->
        <test-method is-config="true" signature="closeUp()[pri:0, instance:winapp.NotepadLaunch@10683d9d]" started-at="2025-05-20T14:00:08 IST" name="closeUp" finished-at="2025-05-20T14:00:08 IST" duration-ms="243" status="PASS">
          <reporter-output>
          </reporter-output>
        </test-method> <!-- closeUp -->
      </class> <!-- winapp.NotepadLaunch -->
    </test> <!-- Default test -->
  </suite> <!-- Default suite -->
</testng-results>
